
=== Wed Apr 26 17:06:03 2023

Packages were changed.
Update Mode: mergeDefaultDependencies

The following packages were added:
  com.unity.modules.ai@1.0.0
  com.unity.modules.androidjni@1.0.0
  com.unity.modules.animation@1.0.0
  com.unity.modules.assetbundle@1.0.0
  com.unity.modules.audio@1.0.0
  com.unity.modules.cloth@1.0.0
  com.unity.modules.director@1.0.0
  com.unity.modules.imageconversion@1.0.0
  com.unity.modules.imgui@1.0.0
  com.unity.modules.jsonserialize@1.0.0
  com.unity.modules.particlesystem@1.0.0
  com.unity.modules.physics@1.0.0
  com.unity.modules.physics2d@1.0.0
  com.unity.modules.screencapture@1.0.0
  com.unity.modules.terrain@1.0.0
  com.unity.modules.terrainphysics@1.0.0
  com.unity.modules.tilemap@1.0.0
  com.unity.modules.ui@1.0.0
  com.unity.modules.uielements@1.0.0
  com.unity.modules.umbra@1.0.0
  com.unity.modules.unityanalytics@1.0.0
  com.unity.modules.unitywebrequest@1.0.0
  com.unity.modules.unitywebrequestassetbundle@1.0.0
  com.unity.modules.unitywebrequestaudio@1.0.0
  com.unity.modules.unitywebrequesttexture@1.0.0
  com.unity.modules.unitywebrequestwww@1.0.0
  com.unity.modules.vehicles@1.0.0
  com.unity.modules.video@1.0.0
  com.unity.modules.vr@1.0.0
  com.unity.modules.wind@1.0.0
  com.unity.modules.xr@1.0.0
The following packages were updated:
  com.unity.collab-proxy from version 1.13.5 to 1.17.7
  com.unity.timeline from version 1.6.2 to 1.7.2
  com.unity.visualscripting from version 1.7.6 to 1.7.8

=== Mon Jun  5 13:27:49 2023

Packages were changed.
Update Mode: updateDependencies

The following packages were updated:
  com.unity.collab-proxy from version 1.2.16 to 1.17.7
  com.unity.ide.rider from version 1.1.4 to 3.0.16
  com.unity.ide.vscode from version 1.2.3 to 1.2.5
  com.unity.test-framework from version 1.1.20 to 1.1.33
  com.unity.textmeshpro from version 2.0.1 to 3.0.6
  com.unity.timeline from version 1.2.12 to 1.7.2
  com.unity.xr.interaction.toolkit from version 0.10.0-preview.7 to 2.1.1
  com.unity.xr.management from version 4.0.1 to 4.2.0
  com.unity.xr.oculus from version 1.6.1 to 3.2.2

=== Mon Jun  5 13:27:49 2023

Packages were changed.
Update Mode: mergeDefaultDependencies

The following packages were added:
  com.unity.ide.rider@3.0.16
  com.unity.ide.vscode@1.2.5
  com.unity.test-framework@1.1.33
  com.unity.xr.interaction.toolkit@2.1.1
  com.unity.xr.interactionsubsystems@1.0.1

=== Mon Jun  5 13:31:36 2023

Packages were changed.
Update Mode: updateDependencies

The following packages were updated:
  com.unity.collab-proxy from version 1.2.16 to 1.17.7
  com.unity.ide.rider from version 1.1.4 to 3.0.16
  com.unity.ide.vscode from version 1.2.3 to 1.2.5
  com.unity.test-framework from version 1.1.20 to 1.1.33
  com.unity.textmeshpro from version 2.0.1 to 3.0.6
  com.unity.timeline from version 1.2.12 to 1.7.2
  com.unity.xr.interaction.toolkit from version 0.10.0-preview.7 to 2.1.1
  com.unity.xr.management from version 4.0.1 to 4.2.0
  com.unity.xr.oculus from version 1.6.1 to 3.2.2

=== Mon Jun  5 13:31:55 2023

Packages were changed.
Update Mode: updateDependencies

The following packages were updated:
  com.unity.collab-proxy from version 1.2.16 to 1.17.7
  com.unity.ide.rider from version 1.1.4 to 3.0.16
  com.unity.ide.vscode from version 1.2.3 to 1.2.5
  com.unity.test-framework from version 1.1.20 to 1.1.33
  com.unity.textmeshpro from version 2.0.1 to 3.0.6
  com.unity.timeline from version 1.2.12 to 1.7.2
  com.unity.xr.interaction.toolkit from version 0.10.0-preview.7 to 2.1.1
  com.unity.xr.management from version 4.0.1 to 4.2.0
  com.unity.xr.oculus from version 1.6.1 to 3.2.2
